<?xml version="1.0" encoding="UTF-8"?>
<testng-results ignored="0" total="1" passed="1" failed="0" skipped="0">
  <reporter-output>
  </reporter-output>
  <suite started-at="2025-02-11T14:05:32 IST" name="Default suite" finished-at="2025-02-11T14:05:51 IST" duration-ms="19114">
    <groups>
    </groups>
    <test started-at="2025-02-11T14:05:32 IST" name="Default test" finished-at="2025-02-11T14:05:51 IST" duration-ms="19114">
      <class name="assertion_concepts.Assertion_">
        <test-method signature="hardAssert()[pri:0, instance:assertion_concepts.Assertion_@77c2494c]" started-at="2025-02-11T14:05:32 IST" name="hardAssert" finished-at="2025-02-11T14:05:51 IST" duration-ms="19067" status="PASS">
          <reporter-output>
          </reporter-output>
        </test-method> <!-- hardAssert -->
      </class> <!-- assertion_concepts.Assertion_ -->
    </test> <!-- Default test -->
  </suite> <!-- Default suite -->
</testng-results>
