<?xml version="1.0" encoding="UTF-8"?>
<!-- Generated by org.testng.reporters.JUnitXMLReporter -->
<testsuite ignored="0" hostname="DESKTOP-RA6AFD8" failures="0" tests="19" name="Default test" time="113.123" errors="0" timestamp="2025-02-06T14:23:40 IST">
  <testcase classname="syncronization.Module_4_Assignment_01" name="loginTest" time="6.037"/>
  <testcase classname="syncronization.Module_4_Assignment_01" name="loginTest" time="5.531"/>
  <testcase classname="syncronization.Module_4_Assignment_01" name="loginTest" time="5.434"/>
  <testcase classname="syncronization.Module_4_Assignment_01" name="loginTest" time="6.188"/>
  <testcase classname="syncronization.Module_4_Assignment_01" name="loginTest" time="4.841"/>
  <testcase classname="syncronization.Module_4_Assignment_01" name="loginTest" time="5.548"/>
  <testcase classname="syncronization.Module_4_Assignment_01" name="loginTest" time="5.154"/>
  <testcase classname="syncronization.Module_4_Assignment_01" name="loginTest" time="5.867"/>
  <testcase classname="syncronization.Module_4_Assignment_01" name="loginTest" time="4.972"/>
  <testcase classname="syncronization.Module_4_Assignment_01" name="loginTest" time="5.349"/>
  <testcase classname="syncronization.Module_4_Assignment_01" name="loginTest" time="6.341"/>
  <testcase classname="syncronization.Module_4_Assignment_01" name="loginTest" time="4.83"/>
  <testcase classname="syncronization.Module_4_Assignment_01" name="loginTest" time="5.168"/>
  <testcase classname="syncronization.Module_4_Assignment_01" name="loginTest" time="5.017"/>
  <testcase classname="syncronization.Module_4_Assignment_01" name="loginTest" time="5.217"/>
  <testcase classname="syncronization.Module_4_Assignment_01" name="loginTest" time="5.134"/>
  <testcase classname="syncronization.Module_4_Assignment_01" name="loginTest" time="5.624"/>
  <testcase classname="syncronization.Module_4_Assignment_01" name="loginTest" time="6.034"/>
  <testcase classname="syncronization.Module_4_Assignment_01" name="loginTest" time="5.118"/>
</testsuite> <!-- Default test -->
