<?xml version="1.0" encoding="UTF-8"?>
<!-- Generated by org.testng.reporters.JUnitXMLReporter -->
<testsuite ignored="0" hostname="DESKTOP-RA6AFD8" failures="0" tests="3" name="Default test" time="0.088" errors="0" timestamp="2025-02-10T06:09:58 IST">
  <testcase classname="tests.Data_provide_class" name="userData" time="0.015"/>
  <testcase classname="tests.Data_provide_class" name="userData" time="0.003"/>
  <testcase classname="tests.Data_provide_class" name="userData" time="0.002"/>
</testsuite> <!-- Default test -->
